Build started 25.3.2011 21:36:59.
     1>Project "C:\Documents and Settings\jani\gea-project\gea-visual\gea-visual\gea-visual.vcxproj" on node 2 (rebuild target(s)).
     1>_PrepareForClean:
         Deleting file "Release\gea-visual.lastbuildstate".
       InitializeBuildStatus:
         Creating "Release\gea-visual.unsuccessfulbuild" because "AlwaysCreate" was specified.
       ClCompile:
         C:\Program Files\Microsoft Visual Studio 10.0\VC\bin\CL.exe /c /Zi /nologo /W3 /WX- /O2 /Oi /Oy- /GL /D WINDOWS /D _MBCS /Gm- /EHsc /MD /GS /Gy /fp:precise /Zc:wchar_t /Zc:forScope /Fo"Release\\" /Fd"Release\vc100.pdb" /Gd /TP /analyze- /errorReport:prompt ..\..\src\src\demo\cli_demo.cc ..\..\src\src\time\clock.cc ..\..\src\src\time\timer.cc
         cli_demo.cc
         clock.cc
         timer.cc
       Link:
         C:\Program Files\Microsoft Visual Studio 10.0\VC\bin\link.exe /ERRORREPORT:PROMPT /OUT:"C:\Documents and Settings\jani\gea-project\gea-visual\Release\gea-visual.exe" /NOLOGO kernel32.lib user32.lib gdi32.lib winspool.lib comdlg32.lib advapi32.lib shell32.lib ole32.lib oleaut32.lib uuid.lib odbc32.lib odbccp32.lib /MANIFEST /ManifestFile:"Release\gea-visual.exe.intermediate.manifest" /MANIFESTUAC:"level='asInvoker' uiAccess='false'" /DEBUG /PDB:"C:\Documents and Settings\jani\gea-project\gea-visual\Release\gea-visual.pdb" /OPT:REF /OPT:ICF /LTCG /TLBID:1 /DYNAMICBASE /NXCOMPAT /IMPLIB:"C:\Documents and Settings\jani\gea-project\gea-visual\Release\gea-visual.lib" /MACHINE:X86 Release\cli_demo.obj
         Release\clock.obj
         Release\timer.obj
         Generating code
         Finished generating code
         gea-visual.vcxproj -> C:\Documents and Settings\jani\gea-project\gea-visual\Release\gea-visual.exe
       Manifest:
         C:\Program Files\Microsoft SDKs\Windows\v7.0A\bin\mt.exe /nologo /verbose /outputresource:"C:\Documents and Settings\jani\gea-project\gea-visual\Release\gea-visual.exe;#1" /manifest "Release\gea-visual.exe.intermediate.manifest"
       FinalizeBuildStatus:
         Deleting file "Release\gea-visual.unsuccessfulbuild".
         Touching "Release\gea-visual.lastbuildstate".
     1>Done Building Project "C:\Documents and Settings\jani\gea-project\gea-visual\gea-visual\gea-visual.vcxproj" (rebuild target(s)).

Build succeeded.

Time Elapsed 00:00:00.76
